<?xml version="1.0" encoding="UTF-8"?>
<!-- Generated by org.testng.reporters.JUnitReportReporter -->
<testsuite hostname="DESKTOP-92J101I" failures="0" tests="4" name="api.test.UserTests" time="13.099" errors="0" timestamp="2023-05-23T12:25:05 IST" skipped="0">
  <testcase classname="api.test.UserTests" name="testPostUser" time="8.526"/>
  <system-out/>
  <testcase classname="api.test.UserTests" name="testGetUserByName" time="1.146"/>
  <system-out/>
  <testcase classname="api.test.UserTests" name="testUpdateUserByName" time="2.304"/>
  <system-out/>
  <testcase classname="api.test.UserTests" name="testDeleteUserByName" time="1.123"/>
  <system-out/>
</testsuite> <!-- api.test.UserTests -->
